<?xml version="1.0" encoding="UTF-8"?>
<!-- Generated by org.testng.reporters.JUnitXMLReporter -->
<testsuite ignored="2" hostname="DESKTOP-IA6TNQP" failures="0" tests="4" name="Categories" time="0.112" errors="0" timestamp="2023-03-31T15:43:46 IST">
  <testcase classname="Categories.Men" name="pants" time="0.018"/>
  <testcase classname="Categories.Men" name="tshirts" time="0.004"/>
  <testcase classname="Categories.Women" name="dersses" time="0.002"/>
  <testcase classname="Categories.Women" name="jeans" time="0.001"/>
  <testcase classname="Categories.Women" name="sarees" time="0.0">
    <ignored/>
  </testcase> <!-- sarees -->
  <testcase classname="Categories.Men" name="menwatches" time="0.0">
    <ignored/>
  </testcase> <!-- menwatches -->
</testsuite> <!-- Categories -->
