<?xml version="1.0" encoding="UTF-8"?>
<!-- Generated by org.testng.reporters.JUnitXMLReporter -->
<testsuite ignored="2" hostname="DESKTOP-IA6TNQP" failures="0" tests="2" name="Payments" time="0.005" errors="0" timestamp="2023-03-31T15:43:46 IST">
  <testcase classname="Payments.NetBanking" name="hdfcBank" time="0.001"/>
  <testcase classname="Payments.Upi" name="upiId" time="0.001"/>
  <testcase classname="Payments.Upi" name="paytm" time="0.0">
    <ignored/>
  </testcase> <!-- paytm -->
  <testcase classname="Payments.NetBanking" name="axisBank" time="0.0">
    <ignored/>
  </testcase> <!-- axisBank -->
</testsuite> <!-- Payments -->
