<?xml version="1.0" encoding="UTF-8"?>
<testng-results ignored="4" total="10" passed="6" failed="0" skipped="0">
  <reporter-output>
  </reporter-output>
  <suite started-at="2023-03-31T15:43:46 IST" name="myntra" finished-at="2023-03-31T15:43:46 IST" duration-ms="250">
    <groups>
      <group name="regression">
        <method signature="Men.pants()[pri:0, instance:Categories.Men@79da8dc5]" name="pants" class="Categories.Men"/>
        <method signature="Men.tshirts()[pri:0, instance:Categories.Men@79da8dc5]" name="tshirts" class="Categories.Men"/>
        <method signature="Women.dersses()[pri:0, instance:Categories.Women@cad498c]" name="dersses" class="Categories.Women"/>
        <method signature="Women.jeans()[pri:0, instance:Categories.Women@cad498c]" name="jeans" class="Categories.Women"/>
        <method signature="NetBanking.hdfcBank()[pri:0, instance:Payments.NetBanking@505fc5a4]" name="hdfcBank" class="Payments.NetBanking"/>
        <method signature="Upi.upiId()[pri:0, instance:Payments.Upi@5fbdfdcf]" name="upiId" class="Payments.Upi"/>
      </group> <!-- regression -->
      <group name="smoke">
        <method signature="Men.pants()[pri:0, instance:Categories.Men@79da8dc5]" name="pants" class="Categories.Men"/>
        <method signature="Men.tshirts()[pri:0, instance:Categories.Men@79da8dc5]" name="tshirts" class="Categories.Men"/>
        <method signature="Women.dersses()[pri:0, instance:Categories.Women@cad498c]" name="dersses" class="Categories.Women"/>
        <method signature="Women.jeans()[pri:0, instance:Categories.Women@cad498c]" name="jeans" class="Categories.Women"/>
        <method signature="NetBanking.hdfcBank()[pri:0, instance:Payments.NetBanking@505fc5a4]" name="hdfcBank" class="Payments.NetBanking"/>
        <method signature="Upi.upiId()[pri:0, instance:Payments.Upi@5fbdfdcf]" name="upiId" class="Payments.Upi"/>
      </group> <!-- smoke -->
    </groups>
    <test started-at="2023-03-31T15:43:46 IST" name="Categories" finished-at="2023-03-31T15:43:46 IST" duration-ms="112">
      <class name="Categories.Women">
        <test-method signature="dersses()[pri:0, instance:Categories.Women@cad498c]" started-at="2023-03-31T15:43:46 IST" name="dersses" finished-at="2023-03-31T15:43:46 IST" duration-ms="2" status="PASS">
          <reporter-output>
          </reporter-output>
        </test-method> <!-- dersses -->
        <test-method signature="jeans()[pri:0, instance:Categories.Women@cad498c]" started-at="2023-03-31T15:43:46 IST" name="jeans" finished-at="2023-03-31T15:43:46 IST" duration-ms="1" status="PASS">
          <reporter-output>
          </reporter-output>
        </test-method> <!-- jeans -->
      </class> <!-- Categories.Women -->
      <class name="Categories.Men">
        <test-method signature="pants()[pri:0, instance:Categories.Men@79da8dc5]" started-at="2023-03-31T15:43:46 IST" name="pants" finished-at="2023-03-31T15:43:46 IST" duration-ms="18" status="PASS">
          <reporter-output>
          </reporter-output>
        </test-method> <!-- pants -->
        <test-method signature="tshirts()[pri:0, instance:Categories.Men@79da8dc5]" started-at="2023-03-31T15:43:46 IST" name="tshirts" finished-at="2023-03-31T15:43:46 IST" duration-ms="4" status="PASS">
          <reporter-output>
          </reporter-output>
        </test-method> <!-- tshirts -->
      </class> <!-- Categories.Men -->
    </test> <!-- Categories -->
    <test started-at="2023-03-31T15:43:46 IST" name="Payments" finished-at="2023-03-31T15:43:46 IST" duration-ms="5">
      <class name="Payments.Upi">
        <test-method signature="upiId()[pri:0, instance:Payments.Upi@5fbdfdcf]" started-at="2023-03-31T15:43:46 IST" name="upiId" finished-at="2023-03-31T15:43:46 IST" duration-ms="1" status="PASS">
          <reporter-output>
          </reporter-output>
        </test-method> <!-- upiId -->
      </class> <!-- Payments.Upi -->
      <class name="Payments.NetBanking">
        <test-method signature="hdfcBank()[pri:0, instance:Payments.NetBanking@505fc5a4]" started-at="2023-03-31T15:43:46 IST" name="hdfcBank" finished-at="2023-03-31T15:43:46 IST" duration-ms="1" status="PASS">
          <reporter-output>
          </reporter-output>
        </test-method> <!-- hdfcBank -->
      </class> <!-- Payments.NetBanking -->
    </test> <!-- Payments -->
  </suite> <!-- myntra -->
</testng-results>
